<?xml version="1.0" encoding="UTF-8"?>
<!-- Generated by org.testng.reporters.JUnitReportReporter -->
<testsuite hostname="Nasrin_1988" failures="0" tests="1" name="sceondtest.tn.myrunner.MyRunner" time="10.659" errors="0" timestamp="2023-05-09T06:12:53 CDT" skipped="0">
  <testcase classname="sceondtest.tn.myrunner.MyRunner" name="runScenario" time="10.659"/>
  <system-out/>
</testsuite> <!-- sceondtest.tn.myrunner.MyRunner -->
