<?xml version="1.0" encoding="UTF-8"?>
<!-- Generated by org.testng.reporters.JUnitReportReporter -->
<testsuite hostname="Nasrin_1988" failures="0" tests="4" name="com.TestNGChallenges.DataProviderTest" time="10.845" errors="0" timestamp="17 May 2023 08:37:35 GMT" skipped="0">
  <testcase classname="com.TestNGChallenges.DataProviderTest" name="getLogIn" time="2.878"/>
  <testcase classname="com.TestNGChallenges.DataProviderTest" name="getLogIn" time="2.887"/>
  <testcase classname="com.TestNGChallenges.DataProviderTest" name="getLogIn" time="2.641"/>
  <testcase classname="com.TestNGChallenges.DataProviderTest" name="getLogIn" time="2.439"/>
</testsuite> <!-- com.TestNGChallenges.DataProviderTest -->
