<?xml version="1.0" encoding="UTF-8"?>
<!-- Generated by org.testng.reporters.JUnitReportReporter -->
<testsuite hostname="Nasrin_1988" failures="0" tests="5" name="com.TestNGChallenges.EnableTrueFalse" time="0.015" errors="0" timestamp="16 May 2023 14:58:20 GMT" skipped="2">
  <testcase classname="com.TestNGChallenges.EnableTrueFalse" name="getNasrinM3" time="0.001"/>
  <testcase classname="com.TestNGChallenges.EnableTrueFalse" name="getNasrinM1" time="0.013"/>
  <testcase classname="com.TestNGChallenges.EnableTrueFalse" name="getNasrinM2" time="0.001"/>
  <testcase classname="com.TestNGChallenges.EnableTrueFalse" name="getNasrinM5">
    <skipped/>
  </testcase> <!-- getNasrinM5 -->
  <testcase classname="com.TestNGChallenges.EnableTrueFalse" name="getNasrinM4">
    <skipped/>
  </testcase> <!-- getNasrinM4 -->
</testsuite> <!-- com.TestNGChallenges.EnableTrueFalse -->
