<?xml version="1.0" encoding="UTF-8"?>
<!-- Generated by org.testng.reporters.JUnitReportReporter -->
<testsuite hostname="Nasrin_1988" failures="0" tests="1" name="com.TestNGChallenges.BasicAnnotation1" time="0.005" errors="0" timestamp="17 May 2023 08:27:33 GMT" skipped="0">
  <testcase classname="com.TestNGChallenges.BasicAnnotation1" name="getTest" time="0.005"/>
</testsuite> <!-- com.TestNGChallenges.BasicAnnotation1 -->
