<?xml version="1.0" encoding="UTF-8"?>
<!-- Generated by org.testng.reporters.JUnitReportReporter -->
<testsuite hostname="Nasrin_1988" failures="0" tests="30" name="com.TestNGChallenges.sameTestCaseRunMultipleTimes1" time="0.030" errors="0" timestamp="17 May 2023 08:33:59 GMT" skipped="0">
  <testcase classname="com.TestNGChallenges.sameTestCaseRunMultipleTimes1" name="getMethodN" time="0.001"/>
  <testcase classname="com.TestNGChallenges.sameTestCaseRunMultipleTimes1" name="getMethod1" time="0.001"/>
  <testcase classname="com.TestNGChallenges.sameTestCaseRunMultipleTimes1" name="getMethod1" time="0.000"/>
  <testcase classname="com.TestNGChallenges.sameTestCaseRunMultipleTimes1" name="getMethod1" time="0.008"/>
  <testcase classname="com.TestNGChallenges.sameTestCaseRunMultipleTimes1" name="getMethodN" time="0.001"/>
  <testcase classname="com.TestNGChallenges.sameTestCaseRunMultipleTimes1" name="getMethodN" time="0.001"/>
  <testcase classname="com.TestNGChallenges.sameTestCaseRunMultipleTimes1" name="getMethodN" time="0.001"/>
  <testcase classname="com.TestNGChallenges.sameTestCaseRunMultipleTimes1" name="getMethodN" time="0.001"/>
  <testcase classname="com.TestNGChallenges.sameTestCaseRunMultipleTimes1" name="getMethod1" time="0.001"/>
  <testcase classname="com.TestNGChallenges.sameTestCaseRunMultipleTimes1" name="getMethodN" time="0.001"/>
  <testcase classname="com.TestNGChallenges.sameTestCaseRunMultipleTimes1" name="getMethodN" time="0.001"/>
  <testcase classname="com.TestNGChallenges.sameTestCaseRunMultipleTimes1" name="getMethodN" time="0.001"/>
  <testcase classname="com.TestNGChallenges.sameTestCaseRunMultipleTimes1" name="getMethodN" time="0.001"/>
  <testcase classname="com.TestNGChallenges.sameTestCaseRunMultipleTimes1" name="getMethod1" time="0.001"/>
  <testcase classname="com.TestNGChallenges.sameTestCaseRunMultipleTimes1" name="getMethodN" time="0.001"/>
  <testcase classname="com.TestNGChallenges.sameTestCaseRunMultipleTimes1" name="getMethod1" time="0.000"/>
  <testcase classname="com.TestNGChallenges.sameTestCaseRunMultipleTimes1" name="getMethod1" time="0.001"/>
  <testcase classname="com.TestNGChallenges.sameTestCaseRunMultipleTimes1" name="getMethodN" time="0.000"/>
  <testcase classname="com.TestNGChallenges.sameTestCaseRunMultipleTimes1" name="getMethodN" time="0.001"/>
  <testcase classname="com.TestNGChallenges.sameTestCaseRunMultipleTimes1" name="getMethodN" time="0.001"/>
  <testcase classname="com.TestNGChallenges.sameTestCaseRunMultipleTimes1" name="getMethodN" time="0.000"/>
  <testcase classname="com.TestNGChallenges.sameTestCaseRunMultipleTimes1" name="getMethod1" time="0.001"/>
  <testcase classname="com.TestNGChallenges.sameTestCaseRunMultipleTimes1" name="getMethodN" time="0.001"/>
  <testcase classname="com.TestNGChallenges.sameTestCaseRunMultipleTimes1" name="getMethod1" time="0.001"/>
  <testcase classname="com.TestNGChallenges.sameTestCaseRunMultipleTimes1" name="getMethod1" time="0.001"/>
  <testcase classname="com.TestNGChallenges.sameTestCaseRunMultipleTimes1" name="getMethodN" time="0.000"/>
  <testcase classname="com.TestNGChallenges.sameTestCaseRunMultipleTimes1" name="getMethodN" time="0.000"/>
  <testcase classname="com.TestNGChallenges.sameTestCaseRunMultipleTimes1" name="getMethodN" time="0.000"/>
  <testcase classname="com.TestNGChallenges.sameTestCaseRunMultipleTimes1" name="getMethodN" time="0.001"/>
  <testcase classname="com.TestNGChallenges.sameTestCaseRunMultipleTimes1" name="getMethodN" time="0.001"/>
</testsuite> <!-- com.TestNGChallenges.sameTestCaseRunMultipleTimes1 -->
