<?xml version="1.0" encoding="UTF-8"?>
<!-- Generated by org.testng.reporters.JUnitReportReporter -->
<testsuite hostname="Nasrin_1988" failures="0" tests="3" name="com.TestNGChallenges.CrossBrowserTesting1" time="13.099" errors="0" timestamp="17 May 2023 08:37:13 GMT" skipped="0">
  <testcase classname="com.TestNGChallenges.CrossBrowserTesting1" name="getLogIn" time="5.528"/>
  <testcase classname="com.TestNGChallenges.CrossBrowserTesting1" name="getLogIn" time="4.335"/>
  <testcase classname="com.TestNGChallenges.CrossBrowserTesting1" name="getLogIn" time="3.236"/>
</testsuite> <!-- com.TestNGChallenges.CrossBrowserTesting1 -->
