<?xml version="1.0" encoding="UTF-8"?>
<!-- Generated by org.testng.reporters.JUnitReportReporter -->
<testsuite hostname="Nasrin_1988" failures="0" tests="3" name="com.TestNGChallenges.DependsOnMethod" time="0.009" errors="0" timestamp="16 May 2023 15:26:09 GMT" skipped="0">
  <testcase classname="com.TestNGChallenges.DependsOnMethod" name="getCloseBrowser" time="0.000"/>
  <testcase classname="com.TestNGChallenges.DependsOnMethod" name="getOpenBrowser" time="0.008"/>
  <testcase classname="com.TestNGChallenges.DependsOnMethod" name="getLogIn" time="0.001"/>
</testsuite> <!-- com.TestNGChallenges.DependsOnMethod -->
