<?xml version="1.0" encoding="UTF-8"?>
<!-- Generated by org.testng.reporters.JUnitReportReporter -->
<testsuite hostname="Nasrin_1988" failures="0" tests="9" name="com.TestNGChallenges.PrirotyTest1" time="0.017" errors="0" timestamp="17 May 2023 08:31:58 GMT" skipped="0">
  <testcase classname="com.TestNGChallenges.PrirotyTest1" name="getMethod3" time="0.010"/>
  <testcase classname="com.TestNGChallenges.PrirotyTest1" name="getMethod9" time="0.001"/>
  <testcase classname="com.TestNGChallenges.PrirotyTest1" name="getMethod8" time="0.001"/>
  <testcase classname="com.TestNGChallenges.PrirotyTest1" name="getMethod1" time="0.001"/>
  <testcase classname="com.TestNGChallenges.PrirotyTest1" name="getMethod2" time="0.001"/>
  <testcase classname="com.TestNGChallenges.PrirotyTest1" name="getMethod4" time="0.001"/>
  <testcase classname="com.TestNGChallenges.PrirotyTest1" name="getMethod5" time="0.001"/>
  <testcase classname="com.TestNGChallenges.PrirotyTest1" name="getMethod6" time="0.001"/>
  <testcase classname="com.TestNGChallenges.PrirotyTest1" name="getMethod7" time="0.000"/>
</testsuite> <!-- com.TestNGChallenges.PrirotyTest1 -->
