<?xml version="1.0" encoding="UTF-8"?>
<!-- Generated by org.testng.reporters.JUnitReportReporter -->
<testsuite hostname="Nasrin_1988" failures="0" tests="1" name="sceondtest.tn.myrunner.MyRunner" time="5.268" errors="0" timestamp="16 May 2023 17:44:04 GMT" skipped="0">
  <testcase classname="sceondtest.tn.myrunner.MyRunner" name="runScenario" time="5.268"/>
</testsuite> <!-- sceondtest.tn.myrunner.MyRunner -->
