<?xml version="1.0" encoding="UTF-8"?>
<!-- Generated by org.testng.reporters.JUnitReportReporter -->
<testsuite hostname="Nasrin_1988" failures="0" tests="1" name="sceondtest.tn.myrunner.MyRunner" time="7.520" errors="0" timestamp="13 May 2023 06:20:20 GMT" skipped="0">
  <testcase classname="sceondtest.tn.myrunner.MyRunner" name="runScenario" time="7.520"/>
</testsuite> <!-- sceondtest.tn.myrunner.MyRunner -->
