<?xml version="1.0" encoding="UTF-8"?>
<!-- Generated by org.testng.reporters.JUnitReportReporter -->
<testsuite hostname="Nasrin_1988" failures="0" tests="1" name="sceondtest.tn.myrunner.MyRunner" time="6.545" errors="0" timestamp="11 May 2023 16:02:49 GMT" skipped="0">
  <testcase classname="sceondtest.tn.myrunner.MyRunner" name="runScenario" time="6.545"/>
</testsuite> <!-- sceondtest.tn.myrunner.MyRunner -->
